<?xml version="1.0" encoding="UTF-8"?>
<!-- Generated by org.testng.reporters.JUnitXMLReporter -->
<testsuite ignored="1" hostname="Eternity" failures="0" tests="1" name="Chrome(failed)(failed)(failed)" time="27.319" errors="0" timestamp="2023-02-04T00:40:47 IST">
  <testcase classname="TestNGPackage.VerifyHomeLoansandLifeInsurance" name="ApplyForLifeInsurance" time="22.296"/>
  <testcase classname="TestNGPackage.VerifyHomeLoansandLifeInsurance" name="ApplyforHomeloans" time="0.0">
    <ignored/>
  </testcase> <!-- ApplyforHomeloans -->
</testsuite> <!-- Chrome(failed)(failed)(failed) -->
