<?xml version="1.0" encoding="UTF-8"?>
<!-- Generated by org.testng.reporters.JUnitXMLReporter -->
<testsuite ignored="1" hostname="Eternity" failures="0" tests="1" name="Opera(failed)(failed)(failed)" time="25.402" errors="0" timestamp="2023-02-04T00:41:12 IST">
  <testcase classname="TestNGPackage.VerifyHomeLoansandLifeInsurance" name="ApplyForLifeInsurance" time="20.068"/>
  <testcase classname="TestNGPackage.VerifyHomeLoansandLifeInsurance" name="ApplyforHomeloans" time="0.0">
    <ignored/>
  </testcase> <!-- ApplyforHomeloans -->
</testsuite> <!-- Opera(failed)(failed)(failed) -->
