<?xml version="1.0" encoding="UTF-8"?>
<testng-results ignored="1" total="2" passed="1" failed="0" skipped="0">
  <reporter-output>
  </reporter-output>
  <suite started-at="2023-02-04T00:47:01 IST" name="Failed suite [Suite]" finished-at="2023-02-04T00:47:25 IST" duration-ms="24649">
    <groups>
    </groups>
    <test started-at="2023-02-04T00:47:01 IST" name="Chrome(failed)" finished-at="2023-02-04T00:47:25 IST" duration-ms="24649">
      <class name="TestNGPackage.VerifyHomeLoansandLifeInsurance">
        <test-method is-config="true" signature="launchBrowser(java.lang.String)[pri:0, instance:TestNGPackage.VerifyHomeLoansandLifeInsurance@6babf3bf]" started-at="2023-02-04T00:47:01 IST" name="launchBrowser" finished-at="2023-02-04T00:47:02 IST" duration-ms="1920" status="PASS">
          <params>
            <param index="0">
              <value>
                <![CDATA[Chrome]]>
              </value>
            </param>
          </params>
          <reporter-output>
          </reporter-output>
        </test-method> <!-- launchBrowser -->
        <test-method is-config="true" signature="CreatePomobject()[pri:0, instance:TestNGPackage.VerifyHomeLoansandLifeInsurance@6babf3bf]" started-at="2023-02-04T00:47:03 IST" name="CreatePomobject" finished-at="2023-02-04T00:47:03 IST" duration-ms="61" status="PASS">
          <reporter-output>
          </reporter-output>
        </test-method> <!-- CreatePomobject -->
        <test-method is-config="true" signature="getwindow()[pri:0, instance:TestNGPackage.VerifyHomeLoansandLifeInsurance@6babf3bf]" started-at="2023-02-04T00:47:03 IST" name="getwindow" finished-at="2023-02-04T00:47:05 IST" duration-ms="1941" status="PASS">
          <reporter-output>
          </reporter-output>
        </test-method> <!-- getwindow -->
        <test-method signature="ApplyForLifeInsurance()[pri:0, instance:TestNGPackage.VerifyHomeLoansandLifeInsurance@6babf3bf]" started-at="2023-02-04T00:47:05 IST" name="ApplyForLifeInsurance" finished-at="2023-02-04T00:47:24 IST" duration-ms="19739" status="PASS">
          <reporter-output>
          </reporter-output>
        </test-method> <!-- ApplyForLifeInsurance -->
        <test-method is-config="true" signature="returntoHome()[pri:0, instance:TestNGPackage.VerifyHomeLoansandLifeInsurance@6babf3bf]" started-at="2023-02-04T00:47:24 IST" name="returntoHome" finished-at="2023-02-04T00:47:25 IST" duration-ms="593" status="PASS">
          <reporter-output>
          </reporter-output>
        </test-method> <!-- returntoHome -->
        <test-method is-config="true" signature="clearObject()[pri:0, instance:TestNGPackage.VerifyHomeLoansandLifeInsurance@6babf3bf]" started-at="2023-02-04T00:47:25 IST" name="clearObject" finished-at="2023-02-04T00:47:25 IST" duration-ms="20" status="PASS">
          <reporter-output>
          </reporter-output>
        </test-method> <!-- clearObject -->
        <test-method is-config="true" signature="closethebrowser()[pri:0, instance:TestNGPackage.VerifyHomeLoansandLifeInsurance@6babf3bf]" started-at="2023-02-04T00:47:25 IST" name="closethebrowser" finished-at="2023-02-04T00:47:25 IST" duration-ms="304" status="PASS">
          <reporter-output>
          </reporter-output>
        </test-method> <!-- closethebrowser -->
      </class> <!-- TestNGPackage.VerifyHomeLoansandLifeInsurance -->
    </test> <!-- Chrome(failed) -->
  </suite> <!-- Failed suite [Suite] -->
</testng-results>
