<?xml version="1.0" encoding="UTF-8"?>
<!-- Generated by org.testng.reporters.JUnitXMLReporter -->
<testsuite ignored="0" hostname="Eternity" failures="0" tests="4" name="Opera" time="61.087" errors="0" timestamp="2023-02-04T00:45:38 IST">
  <testcase classname="TestNGPackage.VerifyCreditcardandSendmoneypage" name="ApplyForCreditCardbillpayment" time="8.576"/>
  <testcase classname="TestNGPackage.VerifyCreditcardandSendmoneypage" name="ApplyforSendmoneyAbroad" time="8.647"/>
  <testcase classname="TestNGPackage.VerifyHomeLoansandLifeInsurance" name="ApplyForLifeInsurance" time="21.202"/>
  <testcase classname="TestNGPackage.VerifyHomeLoansandLifeInsurance" name="ApplyforHomeloans" time="9.03"/>
</testsuite> <!-- Opera -->
