<?xml version="1.0" encoding="UTF-8"?>
<!-- Generated by org.testng.reporters.JUnitXMLReporter -->
<testsuite ignored="0" hostname="Eternity" failures="0" tests="4" name="Test" time="142.739" errors="0" timestamp="2023-02-02T22:02:14 IST">
  <testcase classname="TestNGPackage.VerifyCreditcardandSendmoneypage" name="ApplyForCreditCardbillpayment" time="21.4"/>
  <testcase classname="TestNGPackage.VerifyCreditcardandSendmoneypage" name="ApplyforSendmoneyAbroad" time="33.449"/>
  <testcase classname="TestNGPackage.VerifyHomeLoansandLifeInsurance" name="ApplyForLifeInsurance" time="45.224"/>
  <testcase classname="TestNGPackage.VerifyHomeLoansandLifeInsurance" name="ApplyforHomeloans" time="11.787"/>
</testsuite> <!-- Test -->
