<?xml version="1.0" encoding="UTF-8"?>
<!-- Generated by org.testng.reporters.JUnitXMLReporter -->
<testsuite ignored="1" hostname="Eternity" failures="0" tests="1" name="Chrome(failed)" time="24.649" errors="0" timestamp="2023-02-04T00:47:25 IST">
  <testcase classname="TestNGPackage.VerifyHomeLoansandLifeInsurance" name="ApplyForLifeInsurance" time="19.739"/>
  <testcase classname="TestNGPackage.VerifyHomeLoansandLifeInsurance" name="ApplyforHomeloans" time="0.0">
    <ignored/>
  </testcase> <!-- ApplyforHomeloans -->
</testsuite> <!-- Chrome(failed) -->
