<?xml version="1.0" encoding="UTF-8"?>
<!-- Generated by org.testng.reporters.JUnitXMLReporter -->
<testsuite ignored="1" hostname="Eternity" failures="1" tests="1" name="Opera(failed)" time="6.158" errors="0" timestamp="2023-02-04T00:33:52 IST">
  <testcase classname="TestNGPackage.VerifyHomeLoansandLifeInsurance" name="ApplyForLifeInsurance" time="1.972">
    <failure type="java.lang.Error" message="Unresolved compilation problems: 
	wait cannot be resolved to a type
	Syntax error, insert &amp;quot;;&amp;quot; to complete BlockStatements
	Text cannot be resolved to a variable
	Text cannot be resolved to a variable
	Text cannot be resolved to a variable
">
      <![CDATA[java.lang.Error: Unresolved compilation problems: 
wait cannot be resolved to a type
Syntax error, insert ";" to complete BlockStatements
Text cannot be resolved to a variable
Text cannot be resolved to a variable
Text cannot be resolved to a variable

at Pompackages.Apply_For_Life_Insurance.getTextMessage(Apply_For_Life_Insurance.java:46)
at TestNGPackage.VerifyHomeLoansandLifeInsurance.ApplyForLifeInsurance(VerifyHomeLoansandLifeInsurance.java:117)
at java.base/java.util.ArrayList.forEach(ArrayList.java:1511)
... Removed 27 stack frames]]>
    </failure>
  </testcase> <!-- ApplyForLifeInsurance -->
  <testcase classname="TestNGPackage.VerifyHomeLoansandLifeInsurance" name="ApplyforHomeloans" time="0.0">
    <ignored/>
  </testcase> <!-- ApplyforHomeloans -->
</testsuite> <!-- Opera(failed) -->
