<?xml version="1.0" encoding="UTF-8"?>
<!-- Generated by org.testng.reporters.JUnitXMLReporter -->
<testsuite ignored="1" hostname="Eternity" failures="0" tests="1" name="Opera(failed)(failed)(failed)(failed)" time="18.333" errors="0" timestamp="2023-02-03T19:40:21 IST">
  <testcase classname="TestNGPackage.VerifyHomeLoansandLifeInsurance" name="ApplyforHomeloans" time="10.217"/>
  <testcase classname="TestNGPackage.VerifyHomeLoansandLifeInsurance" name="ApplyForLifeInsurance" time="0.0">
    <ignored/>
  </testcase> <!-- ApplyForLifeInsurance -->
</testsuite> <!-- Opera(failed)(failed)(failed)(failed) -->
